<?xml version="1.0" encoding="UTF-8"?>
<!-- Generated by org.testng.reporters.JUnitReportReporter -->
<testsuite hostname="DESKTOP-FFVD44P" name="com.vtiger.comcast.contactsTest.CreateContacts" tests="1" failures="0" timestamp="20 Jan 2022 06:36:44 GMT" time="102.590" errors="0">
  <testcase name="createContacts" time="102.590" classname="com.vtiger.comcast.contactsTest.CreateContacts"/>
</testsuite> <!-- com.vtiger.comcast.contactsTest.CreateContacts -->
