<?xml version="1.0" encoding="UTF-8"?>
<!-- Generated by org.testng.reporters.JUnitReportReporter -->
<testsuite hostname="DESKTOP-FFVD44P" name="practice.DataDrivenTest" tests="5" failures="0" timestamp="20 Jan 2022 08:55:47 GMT" time="0.031" errors="0">
  <testcase name="bookTicketTest" time="0.016" classname="practice.DataDrivenTest"/>
  <testcase name="bookTicketTest" time="0.002" classname="practice.DataDrivenTest"/>
  <testcase name="bookTicketTest" time="0.007" classname="practice.DataDrivenTest"/>
  <testcase name="bookTicketTest" time="0.002" classname="practice.DataDrivenTest"/>
  <testcase name="bookTicketTest" time="0.004" classname="practice.DataDrivenTest"/>
</testsuite> <!-- practice.DataDrivenTest -->
