<?xml version="1.0" encoding="UTF-8"?>
<!-- Generated by org.testng.reporters.JUnitReportReporter -->
<testsuite hostname="DESKTOP-FFVD44P" name="practice.BookTicket" tests="13" failures="0" timestamp="22 Jan 2022 08:23:25 GMT" time="0.069" errors="0">
  <testcase name="bookTicketTest" time="0.002" classname="practice.BookTicket"/>
  <testcase name="bookTicketTest" time="0.006" classname="practice.BookTicket"/>
  <testcase name="bookTicketTest" time="0.030" classname="practice.BookTicket"/>
  <testcase name="bookTicketTest" time="0.002" classname="practice.BookTicket"/>
  <testcase name="bookTicketTest" time="0.002" classname="practice.BookTicket"/>
  <testcase name="bookTicketTest" time="0.012" classname="practice.BookTicket"/>
  <testcase name="bookTicketTest" time="0.002" classname="practice.BookTicket"/>
  <testcase name="bookTicketTest" time="0.003" classname="practice.BookTicket"/>
  <testcase name="bookTicketTest" time="0.002" classname="practice.BookTicket"/>
  <testcase name="bookTicketTest" time="0.002" classname="practice.BookTicket"/>
  <testcase name="bookTicketTest" time="0.001" classname="practice.BookTicket"/>
  <testcase name="bookTicketTest" time="0.002" classname="practice.BookTicket"/>
  <testcase name="bookTicketTest" time="0.003" classname="practice.BookTicket"/>
</testsuite> <!-- practice.BookTicket -->
