<?xml version="1.0" encoding="UTF-8"?>
<!-- Generated by org.testng.reporters.JUnitReportReporter -->
<testsuite hostname="DESKTOP-FFVD44P" name="com.vtiger.comcast.organizationTest.CreateOrgNameWithIndustryTypeEducation" tests="1" failures="0" timestamp="20 Jan 2022 06:36:44 GMT" time="46.316" errors="0">
  <testcase name="createOrgNameWithIndustryTypeEducation" time="46.316" classname="com.vtiger.comcast.organizationTest.CreateOrgNameWithIndustryTypeEducation"/>
</testsuite> <!-- com.vtiger.comcast.organizationTest.CreateOrgNameWithIndustryTypeEducation -->
