<?xml version="1.0" encoding="UTF-8"?>
<!-- Generated by org.testng.reporters.JUnitReportReporter -->
<testsuite hostname="DESKTOP-FFVD44P" name="com.vtiger.comcast.contactsTest.CreateContactTest" tests="2" failures="0" timestamp="28 Jan 2022 13:11:17 GMT" time="75.534" errors="0">
  <testcase name="createContactWithOrgNameTest" time="48.733" classname="com.vtiger.comcast.contactsTest.CreateContactTest"/>
  <testcase name="createContactTest" time="26.801" classname="com.vtiger.comcast.contactsTest.CreateContactTest"/>
</testsuite> <!-- com.vtiger.comcast.contactsTest.CreateContactTest -->
