<?xml version="1.0" encoding="UTF-8"?>
<!-- Generated by org.testng.reporters.JUnitReportReporter -->
<testsuite hostname="DESKTOP-FFVD44P" name="com.vtiger.comcast.organizationTest.CreateOrgTest" tests="2" failures="0" timestamp="28 Jan 2022 13:11:17 GMT" time="76.715" errors="0">
  <testcase name="createOrgTest" time="40.067" classname="com.vtiger.comcast.organizationTest.CreateOrgTest"/>
  <testcase name="createOrgIndustryTypeTest" time="36.648" classname="com.vtiger.comcast.organizationTest.CreateOrgTest"/>
</testsuite> <!-- com.vtiger.comcast.organizationTest.CreateOrgTest -->
