<?xml version="1.0" encoding="UTF-8"?>
<!-- Generated by org.testng.reporters.JUnitReportReporter -->
<testsuite hostname="DESKTOP-FFVD44P" name="com.vtiger.comcast.contactsTest.CreateContactWithOrgName" tests="1" failures="0" timestamp="20 Jan 2022 06:36:44 GMT" time="82.146" errors="0">
  <testcase name="createContactWithOrgName" time="82.146" classname="com.vtiger.comcast.contactsTest.CreateContactWithOrgName"/>
</testsuite> <!-- com.vtiger.comcast.contactsTest.CreateContactWithOrgName -->
