<?xml version="1.0" encoding="UTF-8"?>
<!-- Generated by org.testng.reporters.JUnitReportReporter -->
<testsuite hostname="DESKTOP-FFVD44P" name="practice.DataDrivenTest" tests="5" failures="0" timestamp="1 Feb 2022 10:30:51 GMT" time="0.000" errors="0">
  <testcase name="bookTicketTest" time="0.000" classname="practice.DataDrivenTest"/>
  <testcase name="bookTicketTest" time="0.000" classname="practice.DataDrivenTest"/>
  <testcase name="bookTicketTest" time="0.000" classname="practice.DataDrivenTest"/>
  <testcase name="bookTicketTest" time="0.000" classname="practice.DataDrivenTest"/>
  <testcase name="bookTicketTest" time="0.000" classname="practice.DataDrivenTest"/>
</testsuite> <!-- practice.DataDrivenTest -->
