<?xml version="1.0" encoding="UTF-8"?>
<!-- Generated by org.testng.reporters.JUnitReportReporter -->
<testsuite hostname="DESKTOP-FFVD44P" name="com.vtiger.comcast.organizationTest.CreateOrgTest" tests="2" failures="0" timestamp="1 Feb 2022 10:30:51 GMT" time="54.379" errors="0">
  <testcase name="createOrgTest" time="27.611" classname="com.vtiger.comcast.organizationTest.CreateOrgTest"/>
  <testcase name="createOrgIndustryTypeTest" time="26.768" classname="com.vtiger.comcast.organizationTest.CreateOrgTest"/>
</testsuite> <!-- com.vtiger.comcast.organizationTest.CreateOrgTest -->
