<?xml version="1.0" encoding="UTF-8"?>
<!-- Generated by org.testng.reporters.JUnitReportReporter -->
<testsuite hostname="DESKTOP-FFVD44P" name="com.vtiger.comcast.contactsTest.CreateContactTest" tests="2" failures="0" timestamp="1 Feb 2022 10:30:51 GMT" time="78.878" errors="0">
  <testcase name="createContactWithOrgNameTest" time="47.617" classname="com.vtiger.comcast.contactsTest.CreateContactTest"/>
  <testcase name="createContactTest" time="31.261" classname="com.vtiger.comcast.contactsTest.CreateContactTest"/>
</testsuite> <!-- com.vtiger.comcast.contactsTest.CreateContactTest -->
